<?xml version="1.0" encoding="UTF-8"?>
<testsuite xmlns:xsi="http://www.w3.org/2001/XMLSchema-instance" xsi:noNamespaceSchemaLocation="https://maven.apache.org/surefire/maven-surefire-plugin/xsd/surefire-test-report.xsd" version="3.0.2" name="lipid.ElutionOrderTest" time="1.328" tests="6" errors="0" skipped="0" failures="3">
  <properties>
[...]
</properties>
  <testcase name="score1BasedOnRTCarbonNumbers" classname="lipid.ElutionOrderTest" time="1.297">
    <system-out><![CDATA[score1BasedOnRTCarbonNumbers
2025-05-15 13:30:46,442 [main] INFO  Creating RuleUnit
2025-05-15 13:30:47,349 [main] INFO  Insert data
2025-05-15 13:30:47,364 [main] INFO  Run query. Rules are also fired
Scored 1 for annotations: Annotation(TG 54:3, mz=885,7906, RT=10,00, adduct=null, intensity=10000000,0, score=1) and Annotation(TG 56:3, mz=913,8220, RT=11,00, adduct=null, intensity=1000000,0, score=1)
Scored 1 for annotations: Annotation(TG 52:3, mz=857,7593, RT=9,00, adduct=null, intensity=100000000,0, score=1) and Annotation(TG 54:3, mz=885,7906, RT=10,00, adduct=null, intensity=10000000,0, score=2)
Scored 1 for annotations: Annotation(TG 52:3, mz=857,7593, RT=9,00, adduct=null, intensity=100000000,0, score=2) and Annotation(TG 56:3, mz=913,8220, RT=11,00, adduct=null, intensity=1000000,0, score=2)
estoy usando la rule 1
Scored 1 for annotations: Annotation(TG 54:3, mz=885,7906, RT=10,00, adduct=null, intensity=10000000,0, score=3) and Annotation(TG 52:3, mz=857,7593, RT=9,00, adduct=null, intensity=100000000,0, score=3)
estoy usando la rule 1
Scored 1 for annotations: Annotation(TG 56:3, mz=913,8220, RT=11,00, adduct=null, intensity=1000000,0, score=3) and Annotation(TG 54:3, mz=885,7906, RT=10,00, adduct=null, intensity=10000000,0, score=4)
estoy usando la rule 1
Scored 1 for annotations: Annotation(TG 56:3, mz=913,8220, RT=11,00, adduct=null, intensity=1000000,0, score=4) and Annotation(TG 52:3, mz=857,7593, RT=9,00, adduct=null, intensity=100000000,0, score=4)
]]></system-out>
  </testcase>
  <testcase name="negativeScoreBasedOnRTNumberOfCarbons" classname="lipid.ElutionOrderTest" time="0.0">
    <failure message="expected:&lt;-1.0&gt; but was:&lt;1.0&gt;" type="java.lang.AssertionError"><![CDATA[java.lang.AssertionError: expected:<-1.0> but was:<1.0>
	at org.junit.Assert.fail(Assert.java:89)
	at org.junit.Assert.failNotEquals(Assert.java:835)
	at org.junit.Assert.assertEquals(Assert.java:555)
	at org.junit.Assert.assertEquals(Assert.java:685)
	at lipid.ElutionOrderTest.negativeScoreBasedOnRTNumberOfCarbons(ElutionOrderTest.java:200)
	at java.base/jdk.internal.reflect.DirectMethodHandleAccessor.invoke(DirectMethodHandleAccessor.java:103)
	at java.base/java.lang.reflect.Method.invoke(Method.java:580)
	at org.junit.runners.model.FrameworkMethod$1.runReflectiveCall(FrameworkMethod.java:59)
	at org.junit.internal.runners.model.ReflectiveCallable.run(ReflectiveCallable.java:12)
	at org.junit.runners.model.FrameworkMethod.invokeExplosively(FrameworkMethod.java:56)
	at org.junit.internal.runners.statements.InvokeMethod.evaluate(InvokeMethod.java:17)
	at org.junit.internal.runners.statements.RunBefores.evaluate(RunBefores.java:26)
	at org.junit.runners.ParentRunner$3.evaluate(ParentRunner.java:306)
	at org.junit.runners.BlockJUnit4ClassRunner$1.evaluate(BlockJUnit4ClassRunner.java:100)
	at org.junit.runners.ParentRunner.runLeaf(ParentRunner.java:366)
	at org.junit.runners.BlockJUnit4ClassRunner.runChild(BlockJUnit4ClassRunner.java:103)
	at org.junit.runners.BlockJUnit4ClassRunner.runChild(BlockJUnit4ClassRunner.java:63)
	at org.junit.runners.ParentRunner$4.run(ParentRunner.java:331)
	at org.junit.runners.ParentRunner$1.schedule(ParentRunner.java:79)
	at org.junit.runners.ParentRunner.runChildren(ParentRunner.java:329)
	at org.junit.runners.ParentRunner.access$100(ParentRunner.java:66)
	at org.junit.runners.ParentRunner$2.evaluate(ParentRunner.java:293)
	at org.junit.runners.ParentRunner$3.evaluate(ParentRunner.java:306)
	at org.junit.runners.ParentRunner.run(ParentRunner.java:413)
	at org.apache.maven.surefire.junit4.JUnit4Provider.execute(JUnit4Provider.java:316)
	at org.apache.maven.surefire.junit4.JUnit4Provider.executeWithRerun(JUnit4Provider.java:240)
	at org.apache.maven.surefire.junit4.JUnit4Provider.executeTestSet(JUnit4Provider.java:214)
	at org.apache.maven.surefire.junit4.JUnit4Provider.invoke(JUnit4Provider.java:155)
	at org.apache.maven.surefire.booter.ForkedBooter.runSuitesInProcess(ForkedBooter.java:385)
	at org.apache.maven.surefire.booter.ForkedBooter.execute(ForkedBooter.java:162)
	at org.apache.maven.surefire.booter.ForkedBooter.run(ForkedBooter.java:507)
	at org.apache.maven.surefire.booter.ForkedBooter.main(ForkedBooter.java:495)
]]></failure>
    <system-out><![CDATA[negativeScoreBasedOnRTNumberOfCarbons
2025-05-15 13:30:47,396 [main] INFO  Creating RuleUnit
2025-05-15 13:30:47,411 [main] INFO  Insert data
2025-05-15 13:30:47,411 [main] INFO  Run query. Rules are also fired
estoy usando la rule 3
Scored 1 for annotations: Annotation(PG 34:0, mz=751,5484, RT=9,00, adduct=null, intensity=100000000,0, score=1) and Annotation(PC 34:0, mz=913,8220, RT=8,00, adduct=null, intensity=1000000,0, score=1)
estoy usando la rule 3
Scored 1 for annotations: Annotation(PI 34:0, mz=839,5644, RT=10,00, adduct=null, intensity=10000000,0, score=1) and Annotation(PC 34:0, mz=913,8220, RT=8,00, adduct=null, intensity=1000000,0, score=2)
estoy usando la rule 6
Scored -1 for annotations: Annotation(PG 34:0, mz=751,5484, RT=9,00, adduct=null, intensity=100000000,0, score=0) and Annotation(PI 34:0, mz=839,5644, RT=10,00, adduct=null, intensity=10000000,0, score=0)
]]></system-out>
  </testcase>
  <testcase name="negativeScoreBasedOnRTDoubleBonds" classname="lipid.ElutionOrderTest" time="0.016">
    <system-out><![CDATA[negativeScoreBasedOnRTDoubleBonds
2025-05-15 13:30:47,411 [main] INFO  Creating RuleUnit
2025-05-15 13:30:47,411 [main] INFO  Insert data
2025-05-15 13:30:47,411 [main] INFO  Run query. Rules are also fired
estoy usando la rule 2
Scored 1 for annotations: Annotation(TG 54:3, mz=885,7906, RT=10,00, adduct=null, intensity=10000000,0, score=1) and Annotation(TG 54:4, mz=883,7749, RT=9,00, adduct=null, intensity=100000000,0, score=1)
estoy usando la rule 5
Scored -1 for annotations: Annotation(TG 54:2, mz=887,8062, RT=8,00, adduct=null, intensity=1000000,0, score=-1) and Annotation(TG 54:3, mz=885,7906, RT=10,00, adduct=null, intensity=10000000,0, score=0)
estoy usando la rule 5
Scored -1 for annotations: Annotation(TG 54:2, mz=887,8062, RT=8,00, adduct=null, intensity=1000000,0, score=-2) and Annotation(TG 54:4, mz=883,7749, RT=9,00, adduct=null, intensity=100000000,0, score=0)
]]></system-out>
  </testcase>
  <testcase name="score1BasedOnRTDoubleBonds" classname="lipid.ElutionOrderTest" time="0.0">
    <system-out><![CDATA[score1BasedOnRTDoubleBonds
2025-05-15 13:30:47,411 [main] INFO  Creating RuleUnit
2025-05-15 13:30:47,411 [main] INFO  Insert data
2025-05-15 13:30:47,427 [main] INFO  Run query. Rules are also fired
estoy usando la rule 2
Scored 1 for annotations: Annotation(TG 54:3, mz=885,7906, RT=10,00, adduct=null, intensity=10000000,0, score=1) and Annotation(TG 54:4, mz=883,7749, RT=9,00, adduct=null, intensity=100000000,0, score=1)
estoy usando la rule 2
Scored 1 for annotations: Annotation(TG 54:2, mz=887,8062, RT=11,00, adduct=null, intensity=1000000,0, score=1) and Annotation(TG 54:3, mz=885,7906, RT=10,00, adduct=null, intensity=10000000,0, score=2)
estoy usando la rule 2
Scored 1 for annotations: Annotation(TG 54:2, mz=887,8062, RT=11,00, adduct=null, intensity=1000000,0, score=2) and Annotation(TG 54:4, mz=883,7749, RT=9,00, adduct=null, intensity=100000000,0, score=2)
]]></system-out>
  </testcase>
  <testcase name="negativeScoreBasedOnLipidType" classname="lipid.ElutionOrderTest" time="0.0">
    <failure message="expected:&lt;0.0&gt; but was:&lt;0.3333333333333333&gt;" type="java.lang.AssertionError"><![CDATA[java.lang.AssertionError: expected:<0.0> but was:<0.3333333333333333>
	at org.junit.Assert.fail(Assert.java:89)
	at org.junit.Assert.failNotEquals(Assert.java:835)
	at org.junit.Assert.assertEquals(Assert.java:555)
	at org.junit.Assert.assertEquals(Assert.java:685)
	at lipid.ElutionOrderTest.negativeScoreBasedOnLipidType(ElutionOrderTest.java:288)
	at java.base/jdk.internal.reflect.DirectMethodHandleAccessor.invoke(DirectMethodHandleAccessor.java:103)
	at java.base/java.lang.reflect.Method.invoke(Method.java:580)
	at org.junit.runners.model.FrameworkMethod$1.runReflectiveCall(FrameworkMethod.java:59)
	at org.junit.internal.runners.model.ReflectiveCallable.run(ReflectiveCallable.java:12)
	at org.junit.runners.model.FrameworkMethod.invokeExplosively(FrameworkMethod.java:56)
	at org.junit.internal.runners.statements.InvokeMethod.evaluate(InvokeMethod.java:17)
	at org.junit.internal.runners.statements.RunBefores.evaluate(RunBefores.java:26)
	at org.junit.runners.ParentRunner$3.evaluate(ParentRunner.java:306)
	at org.junit.runners.BlockJUnit4ClassRunner$1.evaluate(BlockJUnit4ClassRunner.java:100)
	at org.junit.runners.ParentRunner.runLeaf(ParentRunner.java:366)
	at org.junit.runners.BlockJUnit4ClassRunner.runChild(BlockJUnit4ClassRunner.java:103)
	at org.junit.runners.BlockJUnit4ClassRunner.runChild(BlockJUnit4ClassRunner.java:63)
	at org.junit.runners.ParentRunner$4.run(ParentRunner.java:331)
	at org.junit.runners.ParentRunner$1.schedule(ParentRunner.java:79)
	at org.junit.runners.ParentRunner.runChildren(ParentRunner.java:329)
	at org.junit.runners.ParentRunner.access$100(ParentRunner.java:66)
	at org.junit.runners.ParentRunner$2.evaluate(ParentRunner.java:293)
	at org.junit.runners.ParentRunner$3.evaluate(ParentRunner.java:306)
	at org.junit.runners.ParentRunner.run(ParentRunner.java:413)
	at org.apache.maven.surefire.junit4.JUnit4Provider.execute(JUnit4Provider.java:316)
	at org.apache.maven.surefire.junit4.JUnit4Provider.executeWithRerun(JUnit4Provider.java:240)
	at org.apache.maven.surefire.junit4.JUnit4Provider.executeTestSet(JUnit4Provider.java:214)
	at org.apache.maven.surefire.junit4.JUnit4Provider.invoke(JUnit4Provider.java:155)
	at org.apache.maven.surefire.booter.ForkedBooter.runSuitesInProcess(ForkedBooter.java:385)
	at org.apache.maven.surefire.booter.ForkedBooter.execute(ForkedBooter.java:162)
	at org.apache.maven.surefire.booter.ForkedBooter.run(ForkedBooter.java:507)
	at org.apache.maven.surefire.booter.ForkedBooter.main(ForkedBooter.java:495)
]]></failure>
    <system-out><![CDATA[negativeScoreBasedOnLipidType
2025-05-15 13:30:47,427 [main] INFO  Creating RuleUnit
2025-05-15 13:30:47,427 [main] INFO  Insert data
2025-05-15 13:30:47,427 [main] INFO  Run query. Rules are also fired
Scored 1 for annotations: Annotation(TG 52:3, mz=857,7593, RT=9,00, adduct=null, intensity=100000000,0, score=1) and Annotation(TG 54:3, mz=885,7906, RT=10,00, adduct=null, intensity=10000000,0, score=1)
estoy usando la rule 1
Scored 1 for annotations: Annotation(TG 54:3, mz=885,7906, RT=10,00, adduct=null, intensity=10000000,0, score=2) and Annotation(TG 52:3, mz=857,7593, RT=9,00, adduct=null, intensity=100000000,0, score=2)
estoy usando la rule 4
Scored -1 for annotations: Annotation(TG 56:3, mz=913,8220, RT=8,00, adduct=null, intensity=1000000,0, score=-1) and Annotation(TG 54:3, mz=885,7906, RT=10,00, adduct=null, intensity=10000000,0, score=1)
estoy usando la rule 4
Scored -1 for annotations: Annotation(TG 56:3, mz=913,8220, RT=8,00, adduct=null, intensity=1000000,0, score=-2) and Annotation(TG 52:3, mz=857,7593, RT=9,00, adduct=null, intensity=100000000,0, score=1)
]]></system-out>
  </testcase>
  <testcase name="score1BasedOnLipidType" classname="lipid.ElutionOrderTest" time="0.0">
    <failure message="expected:&lt;1.0&gt; but was:&lt;-1.0&gt;" type="java.lang.AssertionError"><![CDATA[java.lang.AssertionError: expected:<1.0> but was:<-1.0>
	at org.junit.Assert.fail(Assert.java:89)
	at org.junit.Assert.failNotEquals(Assert.java:835)
	at org.junit.Assert.assertEquals(Assert.java:555)
	at org.junit.Assert.assertEquals(Assert.java:685)
	at lipid.ElutionOrderTest.score1BasedOnLipidType(ElutionOrderTest.java:151)
	at java.base/jdk.internal.reflect.DirectMethodHandleAccessor.invoke(DirectMethodHandleAccessor.java:103)
	at java.base/java.lang.reflect.Method.invoke(Method.java:580)
	at org.junit.runners.model.FrameworkMethod$1.runReflectiveCall(FrameworkMethod.java:59)
	at org.junit.internal.runners.model.ReflectiveCallable.run(ReflectiveCallable.java:12)
	at org.junit.runners.model.FrameworkMethod.invokeExplosively(FrameworkMethod.java:56)
	at org.junit.internal.runners.statements.InvokeMethod.evaluate(InvokeMethod.java:17)
	at org.junit.internal.runners.statements.RunBefores.evaluate(RunBefores.java:26)
	at org.junit.runners.ParentRunner$3.evaluate(ParentRunner.java:306)
	at org.junit.runners.BlockJUnit4ClassRunner$1.evaluate(BlockJUnit4ClassRunner.java:100)
	at org.junit.runners.ParentRunner.runLeaf(ParentRunner.java:366)
	at org.junit.runners.BlockJUnit4ClassRunner.runChild(BlockJUnit4ClassRunner.java:103)
	at org.junit.runners.BlockJUnit4ClassRunner.runChild(BlockJUnit4ClassRunner.java:63)
	at org.junit.runners.ParentRunner$4.run(ParentRunner.java:331)
	at org.junit.runners.ParentRunner$1.schedule(ParentRunner.java:79)
	at org.junit.runners.ParentRunner.runChildren(ParentRunner.java:329)
	at org.junit.runners.ParentRunner.access$100(ParentRunner.java:66)
	at org.junit.runners.ParentRunner$2.evaluate(ParentRunner.java:293)
	at org.junit.runners.ParentRunner$3.evaluate(ParentRunner.java:306)
	at org.junit.runners.ParentRunner.run(ParentRunner.java:413)
	at org.apache.maven.surefire.junit4.JUnit4Provider.execute(JUnit4Provider.java:316)
	at org.apache.maven.surefire.junit4.JUnit4Provider.executeWithRerun(JUnit4Provider.java:240)
	at org.apache.maven.surefire.junit4.JUnit4Provider.executeTestSet(JUnit4Provider.java:214)
	at org.apache.maven.surefire.junit4.JUnit4Provider.invoke(JUnit4Provider.java:155)
	at org.apache.maven.surefire.booter.ForkedBooter.runSuitesInProcess(ForkedBooter.java:385)
	at org.apache.maven.surefire.booter.ForkedBooter.execute(ForkedBooter.java:162)
	at org.apache.maven.surefire.booter.ForkedBooter.run(ForkedBooter.java:507)
	at org.apache.maven.surefire.booter.ForkedBooter.main(ForkedBooter.java:495)
]]></failure>
    <system-out><![CDATA[score1BasedOnLipidType
2025-05-15 13:30:47,427 [main] INFO  Creating RuleUnit
2025-05-15 13:30:47,427 [main] INFO  Insert data
2025-05-15 13:30:47,427 [main] INFO  Run query. Rules are also fired
estoy usando la rule 6
Scored -1 for annotations: Annotation(PG 34:0, mz=751,5484, RT=9,00, adduct=null, intensity=100000000,0, score=-1) and Annotation(PC 34:0, mz=913,8220, RT=11,00, adduct=null, intensity=1000000,0, score=-1)
estoy usando la rule 6
Scored -1 for annotations: Annotation(PG 34:0, mz=751,5484, RT=9,00, adduct=null, intensity=100000000,0, score=-2) and Annotation(PI 34:0, mz=839,5644, RT=10,00, adduct=null, intensity=10000000,0, score=-1)
estoy usando la rule 6
Scored -1 for annotations: Annotation(PI 34:0, mz=839,5644, RT=10,00, adduct=null, intensity=10000000,0, score=-2) and Annotation(PC 34:0, mz=913,8220, RT=11,00, adduct=null, intensity=1000000,0, score=-2)
]]></system-out>
  </testcase>
</testsuite>