<?xml version="1.0" encoding="UTF-8"?>
<testsuite xmlns:xsi="http://www.w3.org/2001/XMLSchema-instance" xsi:noNamespaceSchemaLocation="https://maven.apache.org/surefire/maven-surefire-plugin/xsd/surefire-test-report.xsd" version="3.0.2" name="lipid.AdductDetectionTest" time="0.172" tests="6" errors="0" skipped="0" failures="0">
  <properties>
[...]
</properties>
  <testcase name="shouldDetectAdductBasedOnMzk" classname="lipid.AdductDetectionTest" time="0.063">
    <system-out><![CDATA[
--- Probando aducto para la anotación: [M+H]+ ---
Masa monoisotópica estimada de la anotación con [M+H]+: 737.449124

   Analizando peak con m/z = 700.5
secondAdduct=[M+H]+, expectedMz=738.4564, observed=700.5, diff=37.95640000000003
secondAdduct=[M+2H]2+, expectedMz=370.739114, observed=700.5, diff=329.760886
secondAdduct=[M+Na]+, expectedMz=760.438342, observed=700.5, diff=59.938342000000034
secondAdduct=[M+K]+, expectedMz=776.412282, observed=700.5, diff=75.912282
secondAdduct=[M+NH4]+, expectedMz=755.482947, observed=700.5, diff=54.98294699999997
secondAdduct=[M+H-H2O]+, expectedMz=720.445924, observed=700.5, diff=19.94592399999999
secondAdduct=[M+H+NH4]2+, expectedMz=387.766212, observed=700.5, diff=312.733788
secondAdduct=[2M+H]+, expectedMz=738.4564, observed=700.5, diff=37.95640000000003
secondAdduct=[2M+Na]+, expectedMz=760.438342, observed=700.5, diff=59.938342000000034

   Analizando peak con m/z = 738.4564
Skip: same as observedMz

--- Probando aducto para la anotación: [M+2H]2+ ---
Masa monoisotópica estimada de la anotación con [M+2H]2+: 1472.883696

   Analizando peak con m/z = 700.5
secondAdduct=[M+H]+, expectedMz=1473.8909720000001, observed=700.5, diff=773.3909720000001
secondAdduct=[M+2H]2+, expectedMz=738.4564, observed=700.5, diff=37.95640000000003
secondAdduct=[M+Na]+, expectedMz=1495.872914, observed=700.5, diff=795.372914
secondAdduct=[M+K]+, expectedMz=1511.8468540000001, observed=700.5, diff=811.3468540000001
secondAdduct=[M+NH4]+, expectedMz=1490.917519, observed=700.5, diff=790.4175190000001
secondAdduct=[M+H-H2O]+, expectedMz=1455.880496, observed=700.5, diff=755.380496
secondAdduct=[M+H+NH4]2+, expectedMz=755.483498, observed=700.5, diff=54.983498000000054
secondAdduct=[2M+H]+, expectedMz=1473.8909720000001, observed=700.5, diff=773.3909720000001
secondAdduct=[2M+Na]+, expectedMz=1495.872914, observed=700.5, diff=795.372914

   Analizando peak con m/z = 738.4564
Skip: same as observedMz

--- Probando aducto para la anotación: [M+Na]+ ---
Masa monoisotópica estimada de la anotación con [M+Na]+: 715.467182

   Analizando peak con m/z = 700.5
secondAdduct=[M+H]+, expectedMz=716.474458, observed=700.5, diff=15.974458000000027
secondAdduct=[M+2H]2+, expectedMz=359.74814299999997, observed=700.5, diff=340.75185700000003
secondAdduct=[M+Na]+, expectedMz=738.4564, observed=700.5, diff=37.95640000000003
secondAdduct=[M+K]+, expectedMz=754.43034, observed=700.5, diff=53.93034
secondAdduct=[M+NH4]+, expectedMz=733.501005, observed=700.5, diff=33.001004999999964
secondAdduct=[M+H-H2O]+, expectedMz=698.463982, observed=700.5, diff=2.0360180000000128
secondAdduct=[M+H+NH4]2+, expectedMz=376.775241, observed=700.5, diff=323.724759
secondAdduct=[2M+H]+, expectedMz=716.474458, observed=700.5, diff=15.974458000000027
secondAdduct=[2M+Na]+, expectedMz=738.4564, observed=700.5, diff=37.95640000000003

   Analizando peak con m/z = 738.4564
Skip: same as observedMz

--- Probando aducto para la anotación: [M+K]+ ---
Masa monoisotópica estimada de la anotación con [M+K]+: 699.493242

   Analizando peak con m/z = 700.5
secondAdduct=[M+H]+, expectedMz=700.500518, observed=700.5, diff=5.180000000564178E-4
DETECTED adduct: [M+K]+ (via [M+H]+)
[M+K]+
]]></system-out>
  </testcase>
  <testcase name="shouldDetectDoublyChargedAdduct" classname="lipid.AdductDetectionTest" time="0.0">
    <system-out><![CDATA[
--- Probando aducto para la anotación: [M+H]+ ---
Masa monoisotópica estimada de la anotación con [M+H]+: 700.492724

   Analizando peak con m/z = 350.754
secondAdduct=[M+H]+, expectedMz=701.5, observed=350.754, diff=350.746
secondAdduct=[M+2H]2+, expectedMz=352.26091399999996, observed=350.754, diff=1.506913999999938
DETECTED adduct: [M+H]+ (via [M+2H]2+)
]]></system-out>
  </testcase>
  <testcase name="shouldDetectAdductBasedOnMzDifference" classname="lipid.AdductDetectionTest" time="0.0">
    <system-out><![CDATA[
--- Probando aducto para la anotación: [M+H]+ ---
Masa monoisotópica estimada de la anotación con [M+H]+: 699.492714

   Analizando peak con m/z = 700.5
Skip: same as observedMz

   Analizando peak con m/z = 722.482
secondAdduct=[M+H]+, expectedMz=700.49999, observed=722.482, diff=21.982009999999946
secondAdduct=[M+2H]2+, expectedMz=351.76090899999997, observed=722.482, diff=370.721091
secondAdduct=[M+Na]+, expectedMz=722.481932, observed=722.482, diff=6.799999994200334E-5
DETECTED adduct: [M+H]+ (via [M+Na]+)
]]></system-out>
  </testcase>
  <testcase name="shouldDetectLossOfWaterAdduct" classname="lipid.AdductDetectionTest" time="0.0">
    <system-out><![CDATA[
--- Probando aducto para la anotación: [M+H]+ ---
Masa monoisotópica estimada de la anotación con [M+H]+: 699.492724

   Analizando peak con m/z = 682.4894
secondAdduct=[M+H]+, expectedMz=700.5, observed=682.4894, diff=18.010599999999954
secondAdduct=[M+2H]2+, expectedMz=351.76091399999996, observed=682.4894, diff=330.7284860000001
secondAdduct=[M+Na]+, expectedMz=722.481942, observed=682.4894, diff=39.99254199999996
secondAdduct=[M+K]+, expectedMz=738.455882, observed=682.4894, diff=55.96648199999993
secondAdduct=[M+NH4]+, expectedMz=717.5265469999999, observed=682.4894, diff=35.03714699999989
secondAdduct=[M+H-H2O]+, expectedMz=682.489524, observed=682.4894, diff=1.2399999991430377E-4
DETECTED adduct: [M+H]+ (via [M+H-H2O]+)
]]></system-out>
  </testcase>
  <testcase name="shouldDetectLossOfWaterAdduct1" classname="lipid.AdductDetectionTest" time="0.015">
    <system-out><![CDATA[
--- Probando aducto para la anotación: [M+H]+ ---
Masa monoisotópica estimada de la anotación con [M+H]+: 681.482124

   Analizando peak con m/z = 682.4894
Skip: same as observedMz

   Analizando peak con m/z = 700.5
secondAdduct=[M+H]+, expectedMz=682.4894, observed=700.5, diff=18.010599999999954
secondAdduct=[M+2H]2+, expectedMz=342.755614, observed=700.5, diff=357.744386
secondAdduct=[M+Na]+, expectedMz=704.471342, observed=700.5, diff=3.9713420000000497
secondAdduct=[M+K]+, expectedMz=720.445282, observed=700.5, diff=19.94528200000002
secondAdduct=[M+NH4]+, expectedMz=699.515947, observed=700.5, diff=0.9840530000000172
secondAdduct=[M+H-H2O]+, expectedMz=664.478924, observed=700.5, diff=36.021075999999994
secondAdduct=[M+H+NH4]2+, expectedMz=359.782712, observed=700.5, diff=340.717288
secondAdduct=[2M+H]+, expectedMz=682.4894, observed=700.5, diff=18.010599999999954
secondAdduct=[2M+Na]+, expectedMz=704.471342, observed=700.5, diff=3.9713420000000497

--- Probando aducto para la anotación: [M+2H]2+ ---
Masa monoisotópica estimada de la anotación con [M+2H]2+: 1360.9496960000001

   Analizando peak con m/z = 682.4894
Skip: same as observedMz

   Analizando peak con m/z = 700.5
secondAdduct=[M+H]+, expectedMz=1361.9569720000002, observed=700.5, diff=661.4569720000002
secondAdduct=[M+2H]2+, expectedMz=682.4894, observed=700.5, diff=18.010599999999954
secondAdduct=[M+Na]+, expectedMz=1383.938914, observed=700.5, diff=683.4389140000001
secondAdduct=[M+K]+, expectedMz=1399.9128540000002, observed=700.5, diff=699.4128540000002
secondAdduct=[M+NH4]+, expectedMz=1378.9835190000001, observed=700.5, diff=678.4835190000001
secondAdduct=[M+H-H2O]+, expectedMz=1343.946496, observed=700.5, diff=643.446496
secondAdduct=[M+H+NH4]2+, expectedMz=699.5164980000001, observed=700.5, diff=0.9835019999999304
secondAdduct=[2M+H]+, expectedMz=1361.9569720000002, observed=700.5, diff=661.4569720000002
secondAdduct=[2M+Na]+, expectedMz=1383.938914, observed=700.5, diff=683.4389140000001

--- Probando aducto para la anotación: [M+Na]+ ---
Masa monoisotópica estimada de la anotación con [M+Na]+: 659.500182

   Analizando peak con m/z = 682.4894
Skip: same as observedMz

   Analizando peak con m/z = 700.5
secondAdduct=[M+H]+, expectedMz=660.507458, observed=700.5, diff=39.99254199999996
secondAdduct=[M+2H]2+, expectedMz=331.764643, observed=700.5, diff=368.735357
secondAdduct=[M+Na]+, expectedMz=682.4894, observed=700.5, diff=18.010599999999954
secondAdduct=[M+K]+, expectedMz=698.46334, observed=700.5, diff=2.0366599999999835
secondAdduct=[M+NH4]+, expectedMz=677.534005, observed=700.5, diff=22.96599500000002
secondAdduct=[M+H-H2O]+, expectedMz=642.496982, observed=700.5, diff=58.003018
secondAdduct=[M+H+NH4]2+, expectedMz=348.791741, observed=700.5, diff=351.708259
secondAdduct=[2M+H]+, expectedMz=660.507458, observed=700.5, diff=39.99254199999996
secondAdduct=[2M+Na]+, expectedMz=682.4894, observed=700.5, diff=18.010599999999954

--- Probando aducto para la anotación: [M+K]+ ---
Masa monoisotópica estimada de la anotación con [M+K]+: 643.526242

   Analizando peak con m/z = 682.4894
Skip: same as observedMz

   Analizando peak con m/z = 700.5
secondAdduct=[M+H]+, expectedMz=644.5335180000001, observed=700.5, diff=55.96648199999993
secondAdduct=[M+2H]2+, expectedMz=323.777673, observed=700.5, diff=376.722327
secondAdduct=[M+Na]+, expectedMz=666.5154600000001, observed=700.5, diff=33.984539999999924
secondAdduct=[M+K]+, expectedMz=682.4894, observed=700.5, diff=18.010599999999954
secondAdduct=[M+NH4]+, expectedMz=661.560065, observed=700.5, diff=38.93993499999999
secondAdduct=[M+H-H2O]+, expectedMz=626.523042, observed=700.5, diff=73.97695799999997
secondAdduct=[M+H+NH4]2+, expectedMz=340.804771, observed=700.5, diff=359.695229
secondAdduct=[2M+H]+, expectedMz=644.5335180000001, observed=700.5, diff=55.96648199999993
secondAdduct=[2M+Na]+, expectedMz=666.5154600000001, observed=700.5, diff=33.984539999999924

--- Probando aducto para la anotación: [M+NH4]+ ---
Masa monoisotópica estimada de la anotación con [M+NH4]+: 664.4555770000001

   Analizando peak con m/z = 682.4894
Skip: same as observedMz

   Analizando peak con m/z = 700.5
secondAdduct=[M+H]+, expectedMz=665.4628530000001, observed=700.5, diff=35.03714699999989
secondAdduct=[M+2H]2+, expectedMz=334.2423405, observed=700.5, diff=366.2576595
secondAdduct=[M+Na]+, expectedMz=687.4447950000001, observed=700.5, diff=13.055204999999887
secondAdduct=[M+K]+, expectedMz=703.4187350000001, observed=700.5, diff=2.9187350000000833
secondAdduct=[M+NH4]+, expectedMz=682.4894, observed=700.5, diff=18.010599999999954
secondAdduct=[M+H-H2O]+, expectedMz=647.4523770000001, observed=700.5, diff=53.04762299999993
secondAdduct=[M+H+NH4]2+, expectedMz=351.26943850000004, observed=700.5, diff=349.23056149999996
secondAdduct=[2M+H]+, expectedMz=665.4628530000001, observed=700.5, diff=35.03714699999989
secondAdduct=[2M+Na]+, expectedMz=687.4447950000001, observed=700.5, diff=13.055204999999887

--- Probando aducto para la anotación: [M+H-H2O]+ ---
Masa monoisotópica estimada de la anotación con [M+H-H2O]+: 699.4926

   Analizando peak con m/z = 682.4894
Skip: same as observedMz

   Analizando peak con m/z = 700.5
secondAdduct=[M+H]+, expectedMz=700.4998760000001, observed=700.5, diff=1.2399999991430377E-4
DETECTED adduct: [M+H-H2O]+ (via [M+H]+)
]]></system-out>
  </testcase>
  <testcase name="shouldDetectDoublyChargedAdduct2" classname="lipid.AdductDetectionTest" time="0.0">
    <system-out><![CDATA[
--- Probando aducto para la anotación: [M+H]+ ---
Masa monoisotópica estimada de la anotación con [M+H]+: 349.74672400000003

   Analizando peak con m/z = 350.754
Skip: same as observedMz

   Analizando peak con m/z = 701.5
secondAdduct=[M+H]+, expectedMz=350.754, observed=701.5, diff=350.746
secondAdduct=[M+2H]2+, expectedMz=176.88791400000002, observed=701.5, diff=524.612086
secondAdduct=[M+Na]+, expectedMz=372.735942, observed=701.5, diff=328.764058
secondAdduct=[M+K]+, expectedMz=388.70988200000005, observed=701.5, diff=312.79011799999995
secondAdduct=[M+NH4]+, expectedMz=367.780547, observed=701.5, diff=333.719453
secondAdduct=[M+H-H2O]+, expectedMz=332.74352400000004, observed=701.5, diff=368.75647599999996
secondAdduct=[M+H+NH4]2+, expectedMz=193.91501200000002, observed=701.5, diff=507.58498799999995
secondAdduct=[2M+H]+, expectedMz=350.754, observed=701.5, diff=350.746
secondAdduct=[2M+Na]+, expectedMz=372.735942, observed=701.5, diff=328.764058

--- Probando aducto para la anotación: [M+2H]2+ ---
Masa monoisotópica estimada de la anotación con [M+2H]2+: 697.4788960000001

   Analizando peak con m/z = 350.754
Skip: same as observedMz

   Analizando peak con m/z = 701.5
secondAdduct=[M+H]+, expectedMz=698.4861720000001, observed=701.5, diff=3.013827999999876
DETECTED adduct: [M+2H]2+ (via [M+H]+)
]]></system-out>
  </testcase>
</testsuite>